task_id	hash	native_id	process	tag	name	status	exit	module	container	cpus	time	disk	memory	attempt	submit	start	complete	duration	realtime	queue	%cpu	%mem	rss	vmem	peak_rss	peak_vmem	rchar	wchar	syscr	syscw	read_bytes	write_bytes	vol_ctxt	inv_ctxt
1	06/0b1d6f	62636	MAPPING:FASTQC	test.fasta	MAPPING:FASTQC (test.fasta)	COMPLETED	0	-	-	1	1h	-	2 GB	1	2025-11-27 19:11:06.435	2025-11-27 19:11:06.490	2025-11-27 19:11:06.523	88ms	0ms	-	-	-	-	-	-	-	-	-	-	-	-	-	-	-
2	6d/8d55fd	62676	MAPPING:TRIM_GALORE	test.fasta	MAPPING:TRIM_GALORE (test.fasta)	COMPLETED	0	-	-	1	2h	-	2 GB	1	2025-11-27 19:11:06.539	2025-11-27 19:11:06.628	2025-11-27 19:11:06.641	102ms	0ms	-	-	-	-	-	-	-	-	-	-	-	-	-	-	-
3	f7/218caf	62718	MAPPING:BOWTIE2_BUILD	test.fasta	MAPPING:BOWTIE2_BUILD (test.fasta)	COMPLETED	0	-	-	1	1h	-	2 GB	1	2025-11-27 19:11:06.653	2025-11-27 19:11:06.746	2025-11-27 19:11:06.834	181ms	0ms	-	-	-	-	-	-	-	-	-	-	-	-	-	-	-
4	10/df2d22	62763	MAPPING:BOWTIE2_ALIGN	test.fasta	MAPPING:BOWTIE2_ALIGN (test.fasta)	COMPLETED	0	-	-	1	1h	-	2 GB	1	2025-11-27 19:11:06.847	2025-11-27 19:11:06.939	2025-11-27 19:11:07.970	1.1s	1s	-	-	-	-	-	-	-	-	-	-	-	-	-	-	-
5	8d/cc9964	62825	RNA_MAP_BIT_VECTORS	test.fasta	RNA_MAP_BIT_VECTORS (test.fasta)	COMPLETED	0	-	-	1	1h	-	2 GB	1	2025-11-27 19:11:07.977	2025-11-27 19:11:08.075	2025-11-27 19:11:09.032	1.1s	1s	-	-	-	-	-	-	-	-	-	-	-	-	-	-	-
6	22/c68d2d	62874	WORKFLOW_STATS	test.fasta	WORKFLOW_STATS (test.fasta)	FAILED	1	-	-	1	1h	-	2 GB	1	2025-11-27 19:11:09.042	2025-11-27 19:11:09.137	2025-11-27 19:11:09.151	109ms	14ms	-	-	-	-	-	-	-	-	-	-	-	-	-	-	-
7	a1/ad84f8	62908	WORKFLOW_STATS	test.fasta	WORKFLOW_STATS (test.fasta)	FAILED	1	-	-	1	1h	-	2 GB	2	2025-11-27 19:11:09.160	2025-11-27 19:11:09.250	2025-11-27 19:11:09.261	101ms	11ms	-	-	-	-	-	-	-	-	-	-	-	-	-	-	-
8	0d/3d7dae	62940	WORKFLOW_STATS	test.fasta	WORKFLOW_STATS (test.fasta)	FAILED	1	-	-	1	1h	-	2 GB	3	2025-11-27 19:11:09.266	2025-11-27 19:11:09.359	2025-11-27 19:11:09.359	93ms	0ms	-	-	-	-	-	-	-	-	-	-	-	-	-	-	-
9	98/75ed61	62972	WORKFLOW_STATS	test.fasta	WORKFLOW_STATS (test.fasta)	FAILED	1	-	-	1	1h	-	2 GB	4	2025-11-27 19:11:09.364	2025-11-27 19:11:09.457	2025-11-27 19:11:09.458	94ms	1ms	-	-	-	-	-	-	-	-	-	-	-	-	-	-	-
